[debug] [2025-05-04T17:07:51.000Z] ----------------------------------------------------------------------
[debug] [2025-05-04T17:07:51.001Z] Command:       /Users/souhaib./.nvm/versions/node/v22.14.0/bin/node /Users/souhaib./.nvm/versions/node/v22.14.0/bin/firebase init
[debug] [2025-05-04T17:07:51.001Z] CLI Version:   14.2.2
[debug] [2025-05-04T17:07:51.002Z] Platform:      darwin
[debug] [2025-05-04T17:07:51.002Z] Node Version:  v22.14.0
[debug] [2025-05-04T17:07:51.002Z] Time:          Sun May 04 2025 18:07:51 GMT+0100 (GMT+01:00)
[debug] [2025-05-04T17:07:51.002Z] ----------------------------------------------------------------------
[debug] 
[debug] [2025-05-04T17:07:51.003Z] >>> [apiv2][query] GET https://firebase-public.firebaseio.com/cli.json [none]
[debug] [2025-05-04T17:07:51.122Z] > command requires scopes: ["email","openid","https://www.googleapis.com/auth/cloudplatformprojects.readonly","https://www.googleapis.com/auth/firebase","https://www.googleapis.com/auth/cloud-platform"]
[debug] [2025-05-04T17:07:51.122Z] > authorizing via signed-in user (souhaibaksikas@gmail.com)
[info] 
     ######## #### ########  ######## ########     ###     ######  ########
     ##        ##  ##     ## ##       ##     ##  ##   ##  ##       ##
     ######    ##  ########  ######   ########  #########  ######  ######
     ##        ##  ##    ##  ##       ##     ## ##     ##       ## ##
     ##       #### ##     ## ######## ########  ##     ##  ######  ########

You're about to initialize a Firebase project in this directory:

  /Users/souhaib.

Before we get started, keep in mind:

  * You are initializing within an existing Firebase project directory

[debug] [2025-05-04T17:07:51.474Z] <<< [apiv2][status] GET https://firebase-public.firebaseio.com/cli.json 200
[debug] [2025-05-04T17:07:51.474Z] <<< [apiv2][body] GET https://firebase-public.firebaseio.com/cli.json {"cloudBuildErrorAfter":1594252800000,"cloudBuildWarnAfter":1590019200000,"defaultNode10After":1594252800000,"minVersion":"3.0.5","node8DeploysDisabledAfter":1613390400000,"node8RuntimeDisabledAfter":1615809600000,"node8WarnAfter":1600128000000}
[info] 
=== Project Setup
[info] 
[info] First, let's associate this project directory with a Firebase project.
[info] You can create multiple project aliases by running firebase use --add, 
[info] but for now we'll just set up a default project.
[info] 
[debug] [2025-05-04T17:07:57.253Z] Using project from CLI flag: quizz-project-d8d8c
[debug] [2025-05-04T17:07:57.254Z] Checked if tokens are valid: false, expires at: 1745234858501
[debug] [2025-05-04T17:07:57.254Z] Checked if tokens are valid: false, expires at: 1745234858501
[debug] [2025-05-04T17:07:57.255Z] > refreshing access token with scopes: []
[debug] [2025-05-04T17:07:57.256Z] >>> [apiv2][query] POST https://www.googleapis.com/oauth2/v3/token [none]
[debug] [2025-05-04T17:07:57.256Z] >>> [apiv2][body] POST https://www.googleapis.com/oauth2/v3/token [omitted]
[debug] [2025-05-04T17:07:57.468Z] <<< [apiv2][status] POST https://www.googleapis.com/oauth2/v3/token 200
[debug] [2025-05-04T17:07:57.468Z] <<< [apiv2][body] POST https://www.googleapis.com/oauth2/v3/token [omitted]
[debug] [2025-05-04T17:07:57.482Z] >>> [apiv2][query] GET https://firebase.googleapis.com/v1beta1/projects/quizz-project-d8d8c [none]
[debug] [2025-05-04T17:07:57.856Z] <<< [apiv2][status] GET https://firebase.googleapis.com/v1beta1/projects/quizz-project-d8d8c 200
[debug] [2025-05-04T17:07:57.856Z] <<< [apiv2][body] GET https://firebase.googleapis.com/v1beta1/projects/quizz-project-d8d8c {"projectId":"quizz-project-d8d8c","projectNumber":"475576911820","displayName":"quizz-project","name":"projects/quizz-project-d8d8c","resources":{"hostingSite":"quizz-project-d8d8c"},"state":"ACTIVE","etag":"1_c8c8f0b1-7623-4207-90c8-726c45dace9e"}
[info] i  Using project quizz-project-d8d8c (quizz-project) 
[info] 
=== Hosting Setup
[debug] [2025-05-04T17:07:57.866Z] Checked if tokens are valid: true, expires at: 1746382076469
[debug] [2025-05-04T17:07:57.867Z] Checked if tokens are valid: true, expires at: 1746382076469
[debug] [2025-05-04T17:07:57.867Z] >>> [apiv2][query] GET https://firebase.googleapis.com/v1beta1/projects/quizz-project-d8d8c [none]
[debug] [2025-05-04T17:07:58.209Z] <<< [apiv2][status] GET https://firebase.googleapis.com/v1beta1/projects/quizz-project-d8d8c 200
[debug] [2025-05-04T17:07:58.209Z] <<< [apiv2][body] GET https://firebase.googleapis.com/v1beta1/projects/quizz-project-d8d8c {"projectId":"quizz-project-d8d8c","projectNumber":"475576911820","displayName":"quizz-project","name":"projects/quizz-project-d8d8c","resources":{"hostingSite":"quizz-project-d8d8c"},"state":"ACTIVE","etag":"1_c8c8f0b1-7623-4207-90c8-726c45dace9e"}
[info] 
[info] Your public directory is the folder (relative to your project directory) that
[info] will contain Hosting assets to be uploaded with firebase deploy. If you
[info] have a build process for your assets, use your build's output directory.
[info] 
